[[1;34mINFO[m] Scanning for projects...
[[1;34mINFO[m] 
[[1;34mINFO[m] [1m--------------------------< [0;36mcom.cine:backend[0;1m >--------------------------[m
[[1;34mINFO[m] [1mBuilding backend 0.0.1-SNAPSHOT[m
[[1;34mINFO[m] [1m--------------------------------[ jar ]---------------------------------[m
[[1;34mINFO[m] 
[[1;34mINFO[m] [1m>>> [0;32mspring-boot-maven-plugin:3.5.8:run[m [1m(default-cli)[0;1m > [0;1mtest-compile[m @ [36mbackend[0;1m >>>[m
[[1;34mINFO[m] 
[[1;34mINFO[m] [1m--- [0;32mmaven-resources-plugin:3.3.1:resources[m [1m(default-resources)[m @ [36mbackend[0;1m ---[m
[[1;34mINFO[m] Copying 2 resources from src/main/resources to target/classes
[[1;34mINFO[m] Copying 0 resource from src/main/resources to target/classes
[[1;34mINFO[m] 
[[1;34mINFO[m] [1m--- [0;32mmaven-compiler-plugin:3.14.1:compile[m [1m(default-compile)[m @ [36mbackend[0;1m ---[m
[[1;34mINFO[m] Nothing to compile - all classes are up to date.
[[1;34mINFO[m] 
[[1;34mINFO[m] [1m--- [0;32mmaven-resources-plugin:3.3.1:testResources[m [1m(default-testResources)[m @ [36mbackend[0;1m ---[m
[[1;34mINFO[m] skip non existing resourceDirectory /home/alexis-yassuff/Programacion II/backend/src/test/resources
[[1;34mINFO[m] 
[[1;34mINFO[m] [1m--- [0;32mmaven-compiler-plugin:3.14.1:testCompile[m [1m(default-testCompile)[m @ [36mbackend[0;1m ---[m
[[1;34mINFO[m] Nothing to compile - all classes are up to date.
[[1;34mINFO[m] 
[[1;34mINFO[m] [1m<<< [0;32mspring-boot-maven-plugin:3.5.8:run[m [1m(default-cli)[0;1m < [0;1mtest-compile[m @ [36mbackend[0;1m <<<[m
[[1;34mINFO[m] 
[[1;34mINFO[m] 
[[1;34mINFO[m] [1m--- [0;32mspring-boot-maven-plugin:3.5.8:run[m [1m(default-cli)[m @ [36mbackend[0;1m ---[m
[[1;34mINFO[m] Attaching agents: []
2025-12-02T11:11:07.218-03:00  INFO 145405 --- [backend] [  restartedMain] com.cine.backend.BackendApplication      : Starting BackendApplication using Java 21.0.9 with PID 145405 (/home/alexis-yassuff/Programacion II/backend/target/classes started by alexis-yassuff in /home/alexis-yassuff/Programacion II/backend)
2025-12-02T11:11:07.220-03:00 DEBUG 145405 --- [backend] [  restartedMain] com.cine.backend.BackendApplication      : Running with Spring Boot v3.5.8, Spring v6.2.14
2025-12-02T11:11:07.221-03:00  INFO 145405 --- [backend] [  restartedMain] com.cine.backend.BackendApplication      : No active profile set, falling back to 1 default profile: "default"
2025-12-02T11:11:07.255-03:00  INFO 145405 --- [backend] [  restartedMain] .e.DevToolsPropertyDefaultsPostProcessor : Devtools property defaults active! Set 'spring.devtools.add-properties' to 'false' to disable
2025-12-02T11:11:07.256-03:00  INFO 145405 --- [backend] [  restartedMain] .e.DevToolsPropertyDefaultsPostProcessor : For additional web related logging consider setting the 'logging.level.web' property to 'DEBUG'
2025-12-02T11:11:08.022-03:00  INFO 145405 --- [backend] [  restartedMain] .s.d.r.c.RepositoryConfigurationDelegate : Multiple Spring Data modules found, entering strict repository configuration mode
2025-12-02T11:11:08.024-03:00  INFO 145405 --- [backend] [  restartedMain] .s.d.r.c.RepositoryConfigurationDelegate : Bootstrapping Spring Data Redis repositories in DEFAULT mode.
2025-12-02T11:11:08.045-03:00  INFO 145405 --- [backend] [  restartedMain] .s.d.r.c.RepositoryConfigurationDelegate : Finished Spring Data repository scanning in 11 ms. Found 0 Redis repository interfaces.
2025-12-02T11:11:08.424-03:00  INFO 145405 --- [backend] [  restartedMain] o.s.b.w.embedded.tomcat.TomcatWebServer  : Tomcat initialized with port 8080 (http)
2025-12-02T11:11:08.435-03:00  INFO 145405 --- [backend] [  restartedMain] o.apache.catalina.core.StandardService   : Starting service [Tomcat]
2025-12-02T11:11:08.435-03:00  INFO 145405 --- [backend] [  restartedMain] o.apache.catalina.core.StandardEngine    : Starting Servlet engine: [Apache Tomcat/10.1.49]
2025-12-02T11:11:08.458-03:00  INFO 145405 --- [backend] [  restartedMain] o.a.c.c.C.[Tomcat].[localhost].[/]       : Initializing Spring embedded WebApplicationContext
2025-12-02T11:11:08.459-03:00  INFO 145405 --- [backend] [  restartedMain] w.s.c.ServletWebServerApplicationContext : Root WebApplicationContext: initialization completed in 1202 ms
2025-12-02T11:11:08.869-03:00 DEBUG 145405 --- [backend] [  restartedMain] i.l.c.r.AddressResolverGroupProvider     : Starting with netty's non-blocking DNS resolver library
2025-12-02T11:11:08.870-03:00 DEBUG 145405 --- [backend] [  restartedMain] i.lettuce.core.resource.KqueueProvider   : Starting without optional kqueue library
2025-12-02T11:11:08.871-03:00 DEBUG 145405 --- [backend] [  restartedMain] i.lettuce.core.resource.IOUringProvider  : Starting without optional io_uring library
2025-12-02T11:11:08.871-03:00 DEBUG 145405 --- [backend] [  restartedMain] io.lettuce.core.resource.EpollProvider   : Starting with epoll library
2025-12-02T11:11:08.879-03:00 DEBUG 145405 --- [backend] [  restartedMain] i.l.c.resource.DefaultClientResources    : -Dio.netty.eventLoopThreads: 8
2025-12-02T11:11:08.884-03:00 DEBUG 145405 --- [backend] [  restartedMain] i.l.c.r.DefaultEventLoopGroupProvider    : Creating executor io.netty.util.concurrent.DefaultEventExecutorGroup
2025-12-02T11:11:08.888-03:00 DEBUG 145405 --- [backend] [  restartedMain] i.l.core.event.jfr.EventRecorderHolder   : Starting with JFR support
2025-12-02T11:11:09.485-03:00  WARN 145405 --- [backend] [  restartedMain] o.s.b.d.a.OptionalLiveReloadServer       : Unable to start LiveReload server
2025-12-02T11:11:09.491-03:00  INFO 145405 --- [backend] [  restartedMain] o.s.b.a.e.web.EndpointLinksResolver      : Exposing 4 endpoints beneath base path '/actuator'
2025-12-02T11:11:09.532-03:00 DEBUG 145405 --- [backend] [  restartedMain] io.lettuce.core.AbstractRedisClient      : Initiate shutdown (0, 100, MILLISECONDS)
2025-12-02T11:11:09.545-03:00  WARN 145405 --- [backend] [  restartedMain] ConfigServletWebServerApplicationContext : Exception encountered during context initialization - cancelling refresh attempt: org.springframework.context.ApplicationContextException: Failed to start bean 'webServerStartStop'
2025-12-02T11:11:09.548-03:00 DEBUG 145405 --- [backend] [  restartedMain] i.l.c.resource.DefaultClientResources    : Initiate shutdown (0, 2, SECONDS)
2025-12-02T11:11:09.549-03:00 DEBUG 145405 --- [backend] [  restartedMain] i.l.c.r.DefaultEventLoopGroupProvider    : Initiate shutdown (0, 2, SECONDS)
2025-12-02T11:11:09.567-03:00  INFO 145405 --- [backend] [  restartedMain] .s.b.a.l.ConditionEvaluationReportLogger : 

Error starting ApplicationContext. To display the condition evaluation report re-run your application with 'debug' enabled.
2025-12-02T11:11:09.578-03:00 ERROR 145405 --- [backend] [  restartedMain] o.s.boot.SpringApplication               : Application run failed

org.springframework.context.ApplicationContextException: Failed to start bean 'webServerStartStop'
	at org.springframework.context.support.DefaultLifecycleProcessor.doStart(DefaultLifecycleProcessor.java:408) ~[spring-context-6.2.14.jar:6.2.14]
	at org.springframework.context.support.DefaultLifecycleProcessor.doStart(DefaultLifecycleProcessor.java:394) ~[spring-context-6.2.14.jar:6.2.14]
	at org.springframework.context.support.DefaultLifecycleProcessor$LifecycleGroup.start(DefaultLifecycleProcessor.java:586) ~[spring-context-6.2.14.jar:6.2.14]
	at java.base/java.lang.Iterable.forEach(Iterable.java:75) ~[na:na]
	at org.springframework.context.support.DefaultLifecycleProcessor.startBeans(DefaultLifecycleProcessor.java:364) ~[spring-context-6.2.14.jar:6.2.14]
	at org.springframework.context.support.DefaultLifecycleProcessor.onRefresh(DefaultLifecycleProcessor.java:310) ~[spring-context-6.2.14.jar:6.2.14]
	at org.springframework.context.support.AbstractApplicationContext.finishRefresh(AbstractApplicationContext.java:1009) ~[spring-context-6.2.14.jar:6.2.14]
	at org.springframework.context.support.AbstractApplicationContext.refresh(AbstractApplicationContext.java:630) ~[spring-context-6.2.14.jar:6.2.14]
	at org.springframework.boot.web.servlet.context.ServletWebServerApplicationContext.refresh(ServletWebServerApplicationContext.java:146) ~[spring-boot-3.5.8.jar:3.5.8]
	at org.springframework.boot.SpringApplication.refresh(SpringApplication.java:752) ~[spring-boot-3.5.8.jar:3.5.8]
	at org.springframework.boot.SpringApplication.refreshContext(SpringApplication.java:439) ~[spring-boot-3.5.8.jar:3.5.8]
	at org.springframework.boot.SpringApplication.run(SpringApplication.java:318) ~[spring-boot-3.5.8.jar:3.5.8]
	at org.springframework.boot.SpringApplication.run(SpringApplication.java:1361) ~[spring-boot-3.5.8.jar:3.5.8]
	at org.springframework.boot.SpringApplication.run(SpringApplication.java:1350) ~[spring-boot-3.5.8.jar:3.5.8]
	at com.cine.backend.BackendApplication.main(BackendApplication.java:10) ~[classes/:na]
	at java.base/jdk.internal.reflect.DirectMethodHandleAccessor.invoke(DirectMethodHandleAccessor.java:103) ~[na:na]
	at java.base/java.lang.reflect.Method.invoke(Method.java:580) ~[na:na]
	at org.springframework.boot.devtools.restart.RestartLauncher.run(RestartLauncher.java:50) ~[spring-boot-devtools-3.5.8.jar:3.5.8]
Caused by: org.springframework.boot.web.server.WebServerException: Unable to start embedded Tomcat server
	at org.springframework.boot.web.embedded.tomcat.TomcatWebServer.start(TomcatWebServer.java:251) ~[spring-boot-3.5.8.jar:3.5.8]
	at org.springframework.boot.web.servlet.context.WebServerStartStopLifecycle.start(WebServerStartStopLifecycle.java:44) ~[spring-boot-3.5.8.jar:3.5.8]
	at org.springframework.context.support.DefaultLifecycleProcessor.doStart(DefaultLifecycleProcessor.java:405) ~[spring-context-6.2.14.jar:6.2.14]
	... 17 common frames omitted
Caused by: java.lang.IllegalArgumentException: standardService.connector.startFailed
	at org.apache.catalina.core.StandardService.addConnector(StandardService.java:220) ~[tomcat-embed-core-10.1.49.jar:10.1.49]
	at org.springframework.boot.web.embedded.tomcat.TomcatWebServer.addPreviouslyRemovedConnectors(TomcatWebServer.java:310) ~[spring-boot-3.5.8.jar:3.5.8]
	at org.springframework.boot.web.embedded.tomcat.TomcatWebServer.start(TomcatWebServer.java:236) ~[spring-boot-3.5.8.jar:3.5.8]
	... 19 common frames omitted
Caused by: org.apache.catalina.LifecycleException: Protocol handler start failed
	at org.apache.catalina.connector.Connector.startInternal(Connector.java:1104) ~2025-12-02T11:13:14.696-03:00 DEBUG 145058 --- [backend] [ionShutdownHook] o.s.d.r.l.RedisMessageListenerContainer  : Stopped RedisMessageListenerContainer
2025-12-02T11:13:14.697-03:00  INFO 145058 --- [backend] [ionShutdownHook] o.s.b.w.e.tomcat.GracefulShutdown        : Commencing graceful shutdown. Waiting for active requests to complete
2025-12-02T11:13:14.701-03:00  INFO 145058 --- [backend] [tomcat-shutdown] o.s.b.w.e.tomcat.GracefulShutdown        : Graceful shutdown complete
2025-12-02T11:13:14.704-03:00 DEBUG 145058 --- [backend] [ionShutdownHook] io.lettuce.core.AbstractRedisClient      : Initiate shutdown (0, 100, MILLISECONDS)
2025-12-02T11:13:14.721-03:00 DEBUG 145058 --- [backend] [ionShutdownHook] i.l.c.resource.DefaultClientResources    : Initiate shutdown (0, 2, SECONDS)
2025-12-02T11:13:14.723-03:00 DEBUG 145058 --- [backend] [ionShutdownHook] i.l.c.r.DefaultEventLoopGroupProvider    : Initiate shutdown (0, 2, SECONDS)
et.AbstractEndpoint.bindWithCleanup(AbstractEndpoint.java:1398) ~[tomcat-embed-core-10.1.49.jar:10.1.49]
	at org.apache.tomcat.util.net.AbstractEndpoint.start(AbstractEndpoint.java:1481) ~[tomcat-embed-core-10.1.49.jar:10.1.49]
	at org.apache.coyote.AbstractProtocol.start(AbstractProtocol.java:644) ~[tomcat-embed-core-10.1.49.jar:10.1.49]
	at org.apache.catalina.connector.Connector.startInternal(Connector.java:1101) ~[tomcat-embed-core-10.1.49.jar:10.1.49]
	... 23 common frames omitted

[[1;34mINFO[m] [1m------------------------------------------------------------------------[m
[[1;34mINFO[m] [1;31mBUILD FAILURE[m
[[1;34mINFO[m] [1m------------------------------------------------------------------------[m
[[1;34mINFO[m] Total time:  4.323 s
[[1;34mINFO[m] Finished at: 2025-12-02T11:11:09-03:00
[[1;34mINFO[m] [1m------------------------------------------------------------------------[m
[[1;31mERROR[m] Failed to execute goal [32morg.springframework.boot:spring-boot-maven-plugin:3.5.8:run[m [1m(default-cli)[m on project [36mbackend[m: [1;31mProcess terminated with exit code: 1[m -> [1m[Help 1][m
[[1;31mERROR[m] 
[[1;31mERROR[m] To see the full stack trace of the errors, re-run Maven with the [1m-e[m switch.
[[1;31mERROR[m] Re-run Maven using the [1m-X[m switch to enable full debug logging.
[[1;31mERROR[m] 
[[1;31mERROR[m] For more information about the errors and possible solutions, please read the following articles:
[[1;31mERROR[m] [1m[Help 1][m http://cwiki.apache.org/confluence/display/MAVEN/MojoExecutionException
